Arguments: 
  /home/gitpod/.nvm/versions/node/v12.20.1/bin/node /home/gitpod/.nvm/versions/node/v12.20.1/bin/yarn start

PATH: 
  /home/gitpod/.nvm/versions/node/v12.20.1/bin:/home/gitpod/.pyenv/plugins/pyenv-virtualenv/shims:/home/gitpod/.pyenv/shims:/workspace/.cargo/bin:/workspace/.pip-modules/bin:/workspace/.rvm/bin:/home/gitpod/.sdkman/candidates/maven/current/bin:/home/gitpod/.sdkman/candidates/java/current/bin:/home/gitpod/.sdkman/candidates/gradle/current/bin:/home/gitpod/.rvm/gems/ruby-2.6.6/bin:/home/gitpod/.rvm/gems/ruby-2.6.6@global/bin:/home/gitpod/.rvm/rubies/ruby-2.6.6/bin:/home/gitpod/.pyenv/plugins/pyenv-virtualenv/shims:/home/gitpod/.pyenv/shims:/workspace/.cargo/bin:/workspace/.pip-modules/bin:/workspace/.rvm/bin:/home/gitpod/.pyenv/bin:/home/gitpod/.pyenv/shims:/workspace/go/bin:/home/gitpod/go/bin:/home/gitpod/go-packages/bin:/usr/local/sbin:/usr/local/bin:/usr/sbin:/usr/bin:/sbin:/bin:/home/linuxbrew/.linuxbrew/bin:/home/linuxbrew/.linuxbrew/sbin/:/home/gitpod/.nvm/versions/node/v12.20.1/bin:/home/gitpod/.cargo/bin:/home/gitpod/.rvm/bin

Yarn version: 
  1.22.10

Node version: 
  12.20.1

Platform: 
  linux x64

Trace: 
  Invariant Violation: Script must exist
      at invariant (/home/gitpod/.nvm/versions/node/v12.20.1/lib/node_modules/yarn/lib/cli.js:2314:15)
      at /home/gitpod/.nvm/versions/node/v12.20.1/lib/node_modules/yarn/lib/cli.js:62387:11
      at Generator.next (<anonymous>)
      at step (/home/gitpod/.nvm/versions/node/v12.20.1/lib/node_modules/yarn/lib/cli.js:310:30)
      at /home/gitpod/.nvm/versions/node/v12.20.1/lib/node_modules/yarn/lib/cli.js:328:14
      at new Promise (<anonymous>)
      at new F (/home/gitpod/.nvm/versions/node/v12.20.1/lib/node_modules/yarn/lib/cli.js:5301:28)
      at /home/gitpod/.nvm/versions/node/v12.20.1/lib/node_modules/yarn/lib/cli.js:307:12
      at realRunCommand (/home/gitpod/.nvm/versions/node/v12.20.1/lib/node_modules/yarn/lib/cli.js:62472:23)
      at action.action (/home/gitpod/.nvm/versions/node/v12.20.1/lib/node_modules/yarn/lib/cli.js:62533:16)

npm manifest: 
  {
    "name": "backend",
    "version": "1.0.0",
    "description": "",
    "main": "index.js",
    "scripts": {
      "start" : ""
    },
    "author": "",
    "license": "ISC",
    "dependencies": {
      "axios": "^0.21.1",
      "express": "^4.17.1",
      "socket.io": "^3.0.5",
      "socketio": "^1.0.0"
    }
  }

yarn manifest: 
  No manifest

Lockfile: 
  No lockfile
